{
  "RSpec": {
    "coverage": {
      "/home/anton/git/projects/RubyOnInst/app/models/account.rb": {
        "lines": [
          1,
          null,
          null,
          1,
          null,
          1,
          null,
          null
        ]
      },
      "/home/anton/git/projects/RubyOnInst/app/models/application_record.rb": {
        "lines": [
          1,
          1,
          null
        ]
      },
      "/home/anton/git/projects/RubyOnInst/app/helpers/application_helper.rb": {
        "lines": [
          1,
          null
        ]
      },
      "/home/anton/git/projects/RubyOnInst/app/helpers/comments_helper.rb": {
        "lines": [
          1,
          null
        ]
      },
      "/home/anton/git/projects/RubyOnInst/app/helpers/likes_helper.rb": {
        "lines": [
          1,
          null
        ]
      },
      "/home/anton/git/projects/RubyOnInst/app/helpers/posts_helper.rb": {
        "lines": [
          1,
          null
        ]
      },
      "/home/anton/git/projects/RubyOnInst/app/helpers/subscriptions_helper.rb": {
        "lines": [
          1,
          null
        ]
      },
      "/home/anton/git/projects/RubyOnInst/app/helpers/users_helper.rb": {
        "lines": [
          1,
          null
        ]
      },
      "/home/anton/git/projects/RubyOnInst/app/models/comment.rb": {
        "lines": [
          1,
          1,
          1,
          null,
          1,
          null
        ]
      },
      "/home/anton/git/projects/RubyOnInst/app/models/like.rb": {
        "lines": [
          1,
          1,
          1,
          null,
          1,
          1,
          null
        ]
      },
      "/home/anton/git/projects/RubyOnInst/app/models/post.rb": {
        "lines": [
          1,
          1,
          null,
          1,
          1,
          1,
          null,
          1,
          null,
          1,
          2,
          null,
          null
        ]
      },
      "/home/anton/git/projects/RubyOnInst/app/uploaders/photo_uploader.rb": {
        "lines": [
          1,
          1,
          1,
          null,
          1,
          null,
          null,
          null,
          null,
          1,
          1,
          1,
          1,
          null,
          1,
          1,
          null,
          1,
          1,
          1,
          null,
          1,
          1,
          1,
          1,
          null,
          null
        ]
      },
      "/home/anton/git/projects/RubyOnInst/app/models/subscription.rb": {
        "lines": [
          1,
          1,
          1,
          null
        ]
      },
      "/home/anton/git/projects/RubyOnInst/app/models/user.rb": {
        "lines": [
          1,
          null,
          1,
          1,
          null,
          null,
          1,
          1,
          null,
          1,
          1,
          1,
          1,
          null,
          1,
          1,
          1,
          null
        ]
      },
      "/home/anton/git/projects/RubyOnInst/app/controllers/comments_controller.rb": {
        "lines": [
          1,
          1,
          null,
          null,
          1,
          2,
          2,
          2,
          1,
          null,
          1,
          null,
          null,
          null,
          null,
          1,
          2,
          1,
          1,
          null,
          1,
          null,
          null,
          null,
          1,
          null,
          null,
          1,
          2,
          null,
          null,
          null,
          1,
          2,
          null,
          null
        ]
      },
      "/home/anton/git/projects/RubyOnInst/app/controllers/application_controller.rb": {
        "lines": [
          1,
          null,
          null,
          1,
          null
        ]
      },
      "/home/anton/git/projects/RubyOnInst/app/controllers/likes_controller.rb": {
        "lines": [
          1,
          1,
          null,
          null,
          1,
          2,
          null,
          2,
          1,
          null,
          1,
          null,
          null,
          null,
          null,
          1,
          1,
          1,
          1,
          null,
          null,
          1,
          null,
          null,
          1,
          3,
          null,
          null,
          1,
          2,
          null,
          null
        ]
      },
      "/home/anton/git/projects/RubyOnInst/app/controllers/posts_controller.rb": {
        "lines": [
          1,
          1,
          1,
          1,
          null,
          null,
          1,
          1,
          null,
          null,
          1,
          null,
          1,
          null,
          null,
          null,
          null,
          1,
          null,
          null,
          null,
          1,
          1,
          null,
          null,
          null,
          1,
          null,
          null,
          null,
          1,
          3,
          null,
          3,
          2,
          null,
          1,
          null,
          null,
          null,
          null,
          1,
          3,
          2,
          null,
          1,
          null,
          null,
          null,
          null,
          1,
          1,
          1,
          null,
          null,
          1,
          null,
          null,
          1,
          11,
          null,
          null,
          1,
          19,
          7,
          null,
          null,
          null,
          1,
          6,
          1,
          null,
          null,
          null,
          null,
          1,
          6,
          null,
          null
        ]
      },
      "/home/anton/git/projects/RubyOnInst/app/controllers/registrations_controller.rb": {
        "lines": [
          1,
          1,
          null,
          1,
          1,
          null,
          null
        ]
      },
      "/home/anton/git/projects/RubyOnInst/app/controllers/subscriptions_controller.rb": {
        "lines": [
          1,
          1,
          null,
          null,
          1,
          3,
          1,
          null,
          2,
          2,
          1,
          null,
          1,
          null,
          null,
          null,
          null,
          null,
          1,
          2,
          1,
          null,
          1,
          1,
          1,
          null,
          null,
          null,
          1,
          null,
          1,
          5,
          null,
          null,
          null,
          1,
          2,
          null,
          null
        ]
      },
      "/home/anton/git/projects/RubyOnInst/app/controllers/users_controller.rb": {
        "lines": [
          1,
          1,
          1,
          1,
          null,
          null,
          1,
          null,
          null,
          null,
          1,
          1,
          null,
          null,
          null,
          1,
          null,
          null,
          null,
          1,
          2,
          null,
          2,
          1,
          null,
          1,
          null,
          null,
          null,
          null,
          1,
          2,
          1,
          null,
          1,
          null,
          null,
          null,
          null,
          1,
          1,
          1,
          null,
          null,
          1,
          null,
          null,
          1,
          8,
          null,
          null,
          1,
          4,
          1,
          null,
          null,
          null,
          1,
          7,
          3,
          null,
          null,
          null,
          null,
          1,
          4,
          null,
          null
        ]
      },
      "/home/anton/git/projects/RubyOnInst/app/channels/application_cable/channel.rb": {
        "lines": [
          0,
          0,
          0,
          0
        ],
        "branches": {
        }
      },
      "/home/anton/git/projects/RubyOnInst/app/channels/application_cable/connection.rb": {
        "lines": [
          0,
          0,
          0,
          0
        ],
        "branches": {
        }
      },
      "/home/anton/git/projects/RubyOnInst/app/jobs/application_job.rb": {
        "lines": [
          0,
          null,
          null,
          null,
          null,
          null,
          0
        ],
        "branches": {
        }
      },
      "/home/anton/git/projects/RubyOnInst/app/mailers/application_mailer.rb": {
        "lines": [
          0,
          0,
          0,
          0
        ],
        "branches": {
        }
      }
    },
    "timestamp": 1720708518
  }
}
